<?xml version="1.0" encoding="UTF-8"?>
<!-- Generated by org.testng.reporters.JUnitXMLReporter -->
<testsuite hostname="LAPTOP-NJ2076CM" ignored="1" name="All Test" tests="3" failures="1" timestamp="2021-05-20T01:01:45 IST" time="33.842" errors="0">
  <testcase name="login2" time="4.586" classname="com.bajajChetak.Test.LoginTest"/>
  <testcase name="login1" time="15.141" classname="com.bajajChetak.Test.LoginTest"/>
  <testcase name="home" time="3.016" classname="com.bajajChetak.Test.HomePageTest">
    <failure type="java.lang.NullPointerException">
      <![CDATA[java.lang.NullPointerException
at com.bajajChetak.Test.HomePageTest.home(HomePageTest.java:37)
at java.util.ArrayList.forEach(Unknown Source)
at java.util.concurrent.FutureTask.run(Unknown Source)
at java.util.concurrent.ThreadPoolExecutor.runWorker(Unknown Source)
at java.util.concurrent.ThreadPoolExecutor$Worker.run(Unknown Source)
at java.lang.Thread.run(Unknown Source)
... Removed 20 stack frames]]>
    </failure>
  </testcase> <!-- home -->
  <testcase name="@BeforeSuite report_setup" time="0.0" classname="com.qhl.base.Apputil">
    <ignored/>
  </testcase> <!-- @BeforeSuite report_setup -->
</testsuite> <!-- All Test -->
