<?xml version="1.0" encoding="UTF-8"?>
<testng-results skipped="0" failed="0" ignored="0" total="3" passed="3">
  <reporter-output>
  </reporter-output>
  <suite name="Default suite" duration-ms="66567" started-at="2021-05-25T22:09:42 IST" finished-at="2021-05-25T22:10:48 IST">
    <groups>
    </groups>
    <test name="Default test" duration-ms="66567" started-at="2021-05-25T22:09:42 IST" finished-at="2021-05-25T22:10:48 IST">
      <class name="com.bajajChetak.Test.LoginTest">
        <test-method status="PASS" signature="report_setup()[pri:0, instance:com.bajajChetak.Test.LoginTest@2df32bf7]" name="report_setup" is-config="true" duration-ms="196" started-at="2021-05-25T22:09:41 IST" finished-at="2021-05-25T22:09:42 IST">
          <reporter-output>
          </reporter-output>
        </test-method> <!-- report_setup -->
        <test-method status="PASS" signature="bc()[pri:0, instance:com.bajajChetak.Test.LoginTest@2df32bf7]" name="bc" is-config="true" duration-ms="26933" started-at="2021-05-25T22:09:42 IST" finished-at="2021-05-25T22:10:08 IST">
          <reporter-output>
          </reporter-output>
        </test-method> <!-- bc -->
        <test-method status="PASS" signature="login2()[pri:1, instance:com.bajajChetak.Test.LoginTest@2df32bf7]" name="login2" duration-ms="5843" started-at="2021-05-25T22:10:09 IST" finished-at="2021-05-25T22:10:14 IST">
          <reporter-output>
          </reporter-output>
        </test-method> <!-- login2 -->
        <test-method status="PASS" signature="am(org.testng.ITestResult)[pri:0, instance:com.bajajChetak.Test.LoginTest@2df32bf7]" name="am" is-config="true" duration-ms="788" started-at="2021-05-25T22:10:14 IST" finished-at="2021-05-25T22:10:15 IST">
          <params>
            <param index="0">
              <value>
                <![CDATA[[TestResult name=login2 status=SUCCESS method=LoginTest.login2()[pri:1, instance:com.bajajChetak.Test.LoginTest@2df32bf7] output={null}]]]>
              </value>
            </param>
          </params>
          <reporter-output>
          </reporter-output>
        </test-method> <!-- am -->
        <test-method status="PASS" signature="login1()[pri:2, instance:com.bajajChetak.Test.LoginTest@2df32bf7]" name="login1" duration-ms="18763" started-at="2021-05-25T22:10:15 IST" finished-at="2021-05-25T22:10:34 IST">
          <reporter-output>
          </reporter-output>
        </test-method> <!-- login1 -->
        <test-method status="PASS" signature="am(org.testng.ITestResult)[pri:0, instance:com.bajajChetak.Test.LoginTest@2df32bf7]" name="am" is-config="true" duration-ms="76" started-at="2021-05-25T22:10:34 IST" finished-at="2021-05-25T22:10:34 IST">
          <params>
            <param index="0">
              <value>
                <![CDATA[[TestResult name=login1 status=SUCCESS method=LoginTest.login1()[pri:2, instance:com.bajajChetak.Test.LoginTest@2df32bf7] output={null}]]]>
              </value>
            </param>
          </params>
          <reporter-output>
          </reporter-output>
        </test-method> <!-- am -->
        <test-method status="PASS" signature="home()[pri:3, instance:com.bajajChetak.Test.LoginTest@2df32bf7]" name="home" duration-ms="13892" started-at="2021-05-25T22:10:34 IST" finished-at="2021-05-25T22:10:48 IST">
          <reporter-output>
          </reporter-output>
        </test-method> <!-- home -->
        <test-method status="PASS" signature="am(org.testng.ITestResult)[pri:0, instance:com.bajajChetak.Test.LoginTest@2df32bf7]" name="am" is-config="true" duration-ms="165" started-at="2021-05-25T22:10:48 IST" finished-at="2021-05-25T22:10:48 IST">
          <params>
            <param index="0">
              <value>
                <![CDATA[[TestResult name=home status=SUCCESS method=LoginTest.home()[pri:3, instance:com.bajajChetak.Test.LoginTest@2df32bf7] output={null}]]]>
              </value>
            </param>
          </params>
          <reporter-output>
          </reporter-output>
        </test-method> <!-- am -->
      </class> <!-- com.bajajChetak.Test.LoginTest -->
    </test> <!-- Default test -->
  </suite> <!-- Default suite -->
</testng-results>
