<?xml version="1.0" encoding="UTF-8"?>
<!-- Generated by org.testng.reporters.JUnitXMLReporter -->
<testsuite hostname="LAPTOP-NJ2076CM" ignored="1" name="Test" tests="3" failures="1" timestamp="2021-05-23T19:46:53 IST" time="50.765" errors="0">
  <testcase name="@AfterMethod am" time="0.743" classname="com.bajajChetak.Test.LoginTest">
    <failure type="org.openqa.selenium.UnsupportedCommandException" message="The requested resource could not be found, or a request was received using an HTTP method that is not supported by the mapped resource
Build info: version: &amp;apos;3.141.59&amp;apos;, revision: &amp;apos;e82be7d358&amp;apos;, time: &amp;apos;2018-11-14T08:25:53&amp;apos;
System info: host: &amp;apos;LAPTOP-NJ2076CM&amp;apos;, ip: &amp;apos;192.168.1.10&amp;apos;, os.name: &amp;apos;Windows 8.1&amp;apos;, os.arch: &amp;apos;amd64&amp;apos;, os.version: &amp;apos;6.3&amp;apos;, java.version: &amp;apos;1.8.0_45&amp;apos;
Driver info: io.appium.java_client.android.AndroidDriver
Capabilities {appActivity: com.bajajmychetak.MainActivity, appPackage: com.bajajmychetak, automationName: Appium, databaseEnabled: false, desired: {appActivity: com.bajajmychetak.MainActivity, appPackage: com.bajajmychetak, automationName: Appium, deviceName: Android Emulator, platformName: android}, deviceApiLevel: 30, deviceManufacturer: Google, deviceModel: sdk_gphone_x86_arm, deviceName: emulator-5554, deviceScreenDensity: 560, deviceScreenSize: 1440x3040, deviceUDID: emulator-5554, javascriptEnabled: true, locationContextEnabled: false, networkConnectionEnabled: true, pixelRatio: 3.5, platform: LINUX, platformName: Android, platformVersion: 11, statBarHeight: 172, takesScreenshot: true, viewportRect: {height: 2529, left: 0, top: 172, width: 1440}, warnings: {}, webStorageEnabled: false}
Session ID: aba16b53-8ceb-4f6d-a67b-0df7b181c029">
      <![CDATA[org.openqa.selenium.UnsupportedCommandException: The requested resource could not be found, or a request was received using an HTTP method that is not supported by the mapped resource
Build info: version: '3.141.59', revision: 'e82be7d358', time: '2018-11-14T08:25:53'
System info: host: 'LAPTOP-NJ2076CM', ip: '192.168.1.10', os.name: 'Windows 8.1', os.arch: 'amd64', os.version: '6.3', java.version: '1.8.0_45'
Driver info: io.appium.java_client.android.AndroidDriver
Capabilities {appActivity: com.bajajmychetak.MainActivity, appPackage: com.bajajmychetak, automationName: Appium, databaseEnabled: false, desired: {appActivity: com.bajajmychetak.MainActivity, appPackage: com.bajajmychetak, automationName: Appium, deviceName: Android Emulator, platformName: android}, deviceApiLevel: 30, deviceManufacturer: Google, deviceModel: sdk_gphone_x86_arm, deviceName: emulator-5554, deviceScreenDensity: 560, deviceScreenSize: 1440x3040, deviceUDID: emulator-5554, javascriptEnabled: true, locationContextEnabled: false, networkConnectionEnabled: true, pixelRatio: 3.5, platform: LINUX, platformName: Android, platformVersion: 11, statBarHeight: 172, takesScreenshot: true, viewportRect: {height: 2529, left: 0, top: 172, width: 1440}, warnings: {}, webStorageEnabled: false}
Session ID: aba16b53-8ceb-4f6d-a67b-0df7b181c029
at org.openqa.selenium.remote.http.W3CHttpResponseCodec.createException(W3CHttpResponseCodec.java:187)
at org.openqa.selenium.remote.http.W3CHttpResponseCodec.decode(W3CHttpResponseCodec.java:122)
at org.openqa.selenium.remote.http.W3CHttpResponseCodec.decode(W3CHttpResponseCodec.java:49)
at org.openqa.selenium.remote.HttpCommandExecutor.execute(HttpCommandExecutor.java:158)
at io.appium.java_client.remote.AppiumCommandExecutor.execute(AppiumCommandExecutor.java:239)
at org.openqa.selenium.remote.RemoteWebDriver.execute(RemoteWebDriver.java:552)
at io.appium.java_client.DefaultGenericMobileDriver.execute(DefaultGenericMobileDriver.java:45)
at io.appium.java_client.AppiumDriver.execute(AppiumDriver.java:1)
at io.appium.java_client.android.AndroidDriver.execute(AndroidDriver.java:1)
at org.openqa.selenium.remote.RemoteWebDriver.close(RemoteWebDriver.java:442)
at com.bajajChetak.Test.LoginTest.am(LoginTest.java:47)
at java.util.ArrayList.forEach(Unknown Source)
at java.util.concurrent.FutureTask.run(Unknown Source)
at java.util.concurrent.ThreadPoolExecutor.runWorker(Unknown Source)
at java.util.concurrent.ThreadPoolExecutor$Worker.run(Unknown Source)
at java.lang.Thread.run(Unknown Source)
... Removed 29 stack frames]]>
    </failure>
  </testcase> <!-- @AfterMethod am -->
  <testcase name="@AfterMethod am" time="-1.621779395547E9" classname="com.bajajChetak.Test.LoginTest">
    <skipped/>
  </testcase> <!-- @AfterMethod am -->
  <testcase name="@AfterMethod am" time="0.96" classname="com.bajajChetak.Test.HomePageTest">
    <failure type="java.lang.NullPointerException">
      <![CDATA[java.lang.NullPointerException
at com.bajajChetak.Test.HomePageTest.am(HomePageTest.java:42)
at java.util.ArrayList.forEach(Unknown Source)
at java.util.concurrent.FutureTask.run(Unknown Source)
at java.util.concurrent.ThreadPoolExecutor.runWorker(Unknown Source)
at java.util.concurrent.ThreadPoolExecutor$Worker.run(Unknown Source)
at java.lang.Thread.run(Unknown Source)
... Removed 25 stack frames]]>
    </failure>
  </testcase> <!-- @AfterMethod am -->
  <testcase name="login2" time="4.852" classname="com.bajajChetak.Test.LoginTest"/>
  <testcase name="login1" time="0.0" classname="com.bajajChetak.Test.LoginTest">
    <skipped/>
  </testcase> <!-- login1 -->
  <testcase name="home" time="0.004" classname="com.bajajChetak.Test.HomePageTest">
    <failure type="java.lang.NullPointerException">
      <![CDATA[java.lang.NullPointerException
at com.bajajChetak.Test.HomePageTest.home(HomePageTest.java:54)
at java.util.ArrayList.forEach(Unknown Source)
at java.util.concurrent.FutureTask.run(Unknown Source)
at java.util.concurrent.ThreadPoolExecutor.runWorker(Unknown Source)
at java.util.concurrent.ThreadPoolExecutor$Worker.run(Unknown Source)
at java.lang.Thread.run(Unknown Source)
... Removed 20 stack frames]]>
    </failure>
  </testcase> <!-- home -->
  <testcase name="@BeforeSuite report_setup" time="0.0" classname="com.qhl.base.Apputil">
    <ignored/>
  </testcase> <!-- @BeforeSuite report_setup -->
</testsuite> <!-- Test -->
