<?xml version="1.0" encoding="UTF-8"?>
<!-- Generated by org.testng.reporters.JUnitXMLReporter -->
<testsuite hostname="LAPTOP-NJ2076CM" ignored="0" name="Default test" tests="3" failures="0" timestamp="2021-05-25T22:10:48 IST" time="66.567" errors="0">
  <testcase name="login2" time="5.843" classname="com.bajajChetak.Test.LoginTest"/>
  <testcase name="login1" time="18.763" classname="com.bajajChetak.Test.LoginTest"/>
  <testcase name="home" time="13.892" classname="com.bajajChetak.Test.LoginTest"/>
</testsuite> <!-- Default test -->
